2026-06-21 20:10:48 | INFO     | src.transformers.clinical_transformer | ClinicalTransformer initialized | mode=DEMO
2026-06-21 20:10:48 | INFO     | src.transformers.clinical_transformer | Transforming 1500 patient records...
2026-06-21 20:10:48 | INFO     | src.transformers.clinical_transformer |   ✓ Transformed 1500 patient records
2026-06-21 20:10:48 | INFO     | src.transformers.clinical_transformer | Transforming 2400 encounter records...
2026-06-21 20:10:48 | INFO     | src.transformers.clinical_transformer |   ✓ Transformed 2400 encounter records
2026-06-21 20:10:48 | INFO     | src.transformers.clinical_transformer | Transforming 4500 lab records...
2026-06-21 20:10:48 | INFO     | src.transformers.clinical_transformer |   ✓ Transformed 4500 lab records | Critical: 224
2026-06-21 20:10:48 | INFO     | src.transformers.clinical_transformer | Transforming 15000 ICU vitals records...
2026-06-21 20:10:49 | INFO     | src.transformers.clinical_transformer |   ✓ Transformed 15000 ICU records | Alerts: 738
2026-06-21 20:10:49 | INFO     | src.transformers.clinical_transformer | Building patient-encounter analytics mart...
2026-06-21 20:10:49 | INFO     | src.transformers.clinical_transformer |   ✓ Patient-encounter mart: 2400 rows
2026-06-21 20:11:14 | INFO     | src.transformers.clinical_transformer | ClinicalTransformer initialized | mode=DEMO
2026-06-21 20:11:14 | INFO     | src.transformers.clinical_transformer | Transforming 1500 patient records...
2026-06-21 20:11:14 | INFO     | src.transformers.clinical_transformer |   ✓ Transformed 1500 patient records
2026-06-21 20:11:14 | INFO     | src.transformers.clinical_transformer | Transforming 2400 encounter records...
2026-06-21 20:11:14 | INFO     | src.transformers.clinical_transformer |   ✓ Transformed 2400 encounter records
2026-06-21 20:11:14 | INFO     | src.transformers.clinical_transformer | Transforming 4500 lab records...
2026-06-21 20:11:14 | INFO     | src.transformers.clinical_transformer |   ✓ Transformed 4500 lab records | Critical: 224
2026-06-21 20:11:14 | INFO     | src.transformers.clinical_transformer | Transforming 15000 ICU vitals records...
2026-06-21 20:11:14 | INFO     | src.transformers.clinical_transformer |   ✓ Transformed 15000 ICU records | Alerts: 738
2026-06-21 20:11:14 | INFO     | src.transformers.clinical_transformer | Building patient-encounter analytics mart...
2026-06-21 20:11:14 | INFO     | src.transformers.clinical_transformer |   ✓ Patient-encounter mart: 2400 rows
2026-06-21 20:11:34 | INFO     | src.transformers.clinical_transformer | ClinicalTransformer initialized | mode=DEMO
2026-06-21 20:11:34 | INFO     | src.transformers.clinical_transformer | Transforming 1500 patient records...
2026-06-21 20:11:34 | INFO     | src.transformers.clinical_transformer |   ✓ Transformed 1500 patient records
2026-06-21 20:11:34 | INFO     | src.transformers.clinical_transformer | Transforming 2400 encounter records...
2026-06-21 20:11:34 | INFO     | src.transformers.clinical_transformer |   ✓ Transformed 2400 encounter records
2026-06-21 20:11:34 | INFO     | src.transformers.clinical_transformer | Transforming 4500 lab records...
2026-06-21 20:11:34 | INFO     | src.transformers.clinical_transformer |   ✓ Transformed 4500 lab records | Critical: 224
2026-06-21 20:11:34 | INFO     | src.transformers.clinical_transformer | Transforming 15000 ICU vitals records...
2026-06-21 20:11:34 | INFO     | src.transformers.clinical_transformer |   ✓ Transformed 15000 ICU records | Alerts: 738
2026-06-21 20:11:34 | INFO     | src.transformers.clinical_transformer | Building patient-encounter analytics mart...
2026-06-21 20:11:35 | INFO     | src.transformers.clinical_transformer |   ✓ Patient-encounter mart: 2400 rows
2026-06-21 20:12:10 | INFO     | src.transformers.clinical_transformer | ClinicalTransformer initialized | mode=DEMO
2026-06-21 20:12:10 | INFO     | src.transformers.clinical_transformer | Transforming 1500 patient records...
2026-06-21 20:12:10 | INFO     | src.transformers.clinical_transformer |   ✓ Transformed 1500 patient records
2026-06-21 20:12:10 | INFO     | src.transformers.clinical_transformer | Transforming 2400 encounter records...
2026-06-21 20:12:10 | INFO     | src.transformers.clinical_transformer |   ✓ Transformed 2400 encounter records
2026-06-21 20:12:10 | INFO     | src.transformers.clinical_transformer | Transforming 4500 lab records...
2026-06-21 20:12:10 | INFO     | src.transformers.clinical_transformer |   ✓ Transformed 4500 lab records | Critical: 224
2026-06-21 20:12:10 | INFO     | src.transformers.clinical_transformer | Transforming 15000 ICU vitals records...
2026-06-21 20:12:10 | INFO     | src.transformers.clinical_transformer |   ✓ Transformed 15000 ICU records | Alerts: 738
2026-06-21 20:12:10 | INFO     | src.transformers.clinical_transformer | Building patient-encounter analytics mart...
2026-06-21 20:12:10 | INFO     | src.transformers.clinical_transformer |   ✓ Patient-encounter mart: 2400 rows
2026-06-21 20:15:25 | INFO     | src.transformers.clinical_transformer | ClinicalTransformer initialized | mode=DEMO
2026-06-21 20:15:25 | INFO     | src.transformers.clinical_transformer | Transforming 200 patient records...
2026-06-21 20:15:25 | INFO     | src.transformers.clinical_transformer |   ✓ Transformed 200 patient records
2026-06-21 20:15:25 | INFO     | src.transformers.clinical_transformer | ClinicalTransformer initialized | mode=DEMO
2026-06-21 20:15:25 | INFO     | src.transformers.clinical_transformer | Transforming 60 patient records...
2026-06-21 20:15:25 | INFO     | src.transformers.clinical_transformer |   Removed 10 duplicate patient records
2026-06-21 20:15:25 | INFO     | src.transformers.clinical_transformer |   ✓ Transformed 50 patient records
2026-06-21 20:15:25 | INFO     | src.transformers.clinical_transformer | ClinicalTransformer initialized | mode=DEMO
2026-06-21 20:15:25 | INFO     | src.transformers.clinical_transformer | Transforming 200 patient records...
2026-06-21 20:15:25 | INFO     | src.transformers.clinical_transformer |   ✓ Transformed 200 patient records
2026-06-21 20:15:25 | INFO     | src.transformers.clinical_transformer | ClinicalTransformer initialized | mode=DEMO
2026-06-21 20:15:25 | INFO     | src.transformers.clinical_transformer | Transforming 300 encounter records...
2026-06-21 20:15:25 | INFO     | src.transformers.clinical_transformer |   ✓ Transformed 300 encounter records
2026-06-21 20:15:25 | INFO     | src.transformers.clinical_transformer | ClinicalTransformer initialized | mode=DEMO
2026-06-21 20:15:25 | INFO     | src.transformers.clinical_transformer | Transforming 300 encounter records...
2026-06-21 20:15:25 | INFO     | src.transformers.clinical_transformer |   ✓ Transformed 300 encounter records
2026-06-21 20:15:25 | INFO     | src.transformers.clinical_transformer | ClinicalTransformer initialized | mode=DEMO
2026-06-21 20:15:25 | INFO     | src.transformers.clinical_transformer | Transforming 200 patient records...
2026-06-21 20:15:25 | INFO     | src.transformers.clinical_transformer |   ✓ Transformed 200 patient records
2026-06-21 20:15:25 | INFO     | src.transformers.clinical_transformer | ClinicalTransformer initialized | mode=DEMO
2026-06-21 20:15:25 | INFO     | src.transformers.clinical_transformer | Transforming 500 patient records...
2026-06-21 20:15:25 | INFO     | src.transformers.clinical_transformer |   ✓ Transformed 500 patient records
2026-06-21 20:15:25 | INFO     | src.transformers.clinical_transformer | ClinicalTransformer initialized | mode=DEMO
2026-06-21 20:15:25 | INFO     | src.transformers.clinical_transformer | Transforming 500 patient records...
2026-06-21 20:15:25 | INFO     | src.transformers.clinical_transformer |   ✓ Transformed 500 patient records
2026-06-21 20:15:25 | INFO     | src.transformers.clinical_transformer | ClinicalTransformer initialized | mode=DEMO
2026-06-21 20:15:25 | INFO     | src.transformers.clinical_transformer | Transforming 500 patient records...
2026-06-21 20:15:25 | INFO     | src.transformers.clinical_transformer |   ✓ Transformed 500 patient records
2026-06-21 20:15:25 | INFO     | src.transformers.clinical_transformer | ClinicalTransformer initialized | mode=DEMO
2026-06-21 20:15:25 | INFO     | src.transformers.clinical_transformer | Transforming 500 patient records...
2026-06-21 20:15:25 | INFO     | src.transformers.clinical_transformer |   ✓ Transformed 500 patient records
2026-06-21 20:15:25 | INFO     | src.transformers.clinical_transformer | ClinicalTransformer initialized | mode=DEMO
2026-06-21 20:15:25 | INFO     | src.transformers.clinical_transformer | Transforming 500 patient records...
2026-06-21 20:15:25 | INFO     | src.transformers.clinical_transformer |   ✓ Transformed 500 patient records
2026-06-21 20:15:25 | INFO     | src.transformers.clinical_transformer | ClinicalTransformer initialized | mode=DEMO
2026-06-21 20:15:25 | INFO     | src.transformers.clinical_transformer | Transforming 500 patient records...
2026-06-21 20:15:25 | INFO     | src.transformers.clinical_transformer |   ✓ Transformed 500 patient records
2026-06-21 20:15:25 | INFO     | src.transformers.clinical_transformer | ClinicalTransformer initialized | mode=DEMO
2026-06-21 20:15:25 | INFO     | src.transformers.clinical_transformer | Transforming 500 patient records...
2026-06-21 20:15:25 | INFO     | src.transformers.clinical_transformer |   ✓ Transformed 500 patient records
2026-06-21 20:15:25 | INFO     | src.transformers.clinical_transformer | ClinicalTransformer initialized | mode=DEMO
2026-06-21 20:15:25 | INFO     | src.transformers.clinical_transformer | Transforming 500 patient records...
2026-06-21 20:15:25 | INFO     | src.transformers.clinical_transformer |   ✓ Transformed 500 patient records
2026-06-22 20:30:41 | INFO     | src.transformers.clinical_transformer | ClinicalTransformer initialized | mode=DEMO
2026-06-22 20:30:41 | INFO     | src.transformers.clinical_transformer | Transforming 5000 patient records...
2026-06-22 20:30:41 | INFO     | src.transformers.clinical_transformer |   ✓ Transformed 5000 patient records
2026-06-22 20:30:41 | INFO     | src.transformers.clinical_transformer | Transforming 8000 encounter records...
2026-06-22 20:30:41 | INFO     | src.transformers.clinical_transformer |   ✓ Transformed 8000 encounter records
2026-06-22 20:30:41 | INFO     | src.transformers.clinical_transformer | Transforming 15000 lab records...
2026-06-22 20:30:41 | INFO     | src.transformers.clinical_transformer |   ✓ Transformed 15000 lab records | Critical: 745
2026-06-22 20:30:41 | INFO     | src.transformers.clinical_transformer | Transforming 50000 ICU vitals records...
2026-06-22 20:30:41 | INFO     | src.transformers.clinical_transformer |   ✓ Transformed 50000 ICU records | Alerts: 2279
2026-06-22 20:30:41 | INFO     | src.transformers.clinical_transformer | Building patient-encounter analytics mart...
2026-06-22 20:30:42 | INFO     | src.transformers.clinical_transformer |   ✓ Patient-encounter mart: 8000 rows
2026-06-22 20:31:07 | INFO     | src.transformers.clinical_transformer | ClinicalTransformer initialized | mode=DEMO
2026-06-22 20:31:07 | INFO     | src.transformers.clinical_transformer | Transforming 200 patient records...
2026-06-22 20:31:07 | INFO     | src.transformers.clinical_transformer |   ✓ Transformed 200 patient records
2026-06-22 20:31:07 | INFO     | src.transformers.clinical_transformer | ClinicalTransformer initialized | mode=DEMO
2026-06-22 20:31:07 | INFO     | src.transformers.clinical_transformer | Transforming 60 patient records...
2026-06-22 20:31:07 | INFO     | src.transformers.clinical_transformer |   Removed 10 duplicate patient records
2026-06-22 20:31:07 | INFO     | src.transformers.clinical_transformer |   ✓ Transformed 50 patient records
2026-06-22 20:31:07 | INFO     | src.transformers.clinical_transformer | ClinicalTransformer initialized | mode=DEMO
2026-06-22 20:31:07 | INFO     | src.transformers.clinical_transformer | Transforming 200 patient records...
2026-06-22 20:31:07 | INFO     | src.transformers.clinical_transformer |   ✓ Transformed 200 patient records
2026-06-22 20:31:07 | INFO     | src.transformers.clinical_transformer | ClinicalTransformer initialized | mode=DEMO
2026-06-22 20:31:07 | INFO     | src.transformers.clinical_transformer | Transforming 300 encounter records...
2026-06-22 20:31:07 | INFO     | src.transformers.clinical_transformer |   ✓ Transformed 300 encounter records
2026-06-22 20:31:07 | INFO     | src.transformers.clinical_transformer | ClinicalTransformer initialized | mode=DEMO
2026-06-22 20:31:07 | INFO     | src.transformers.clinical_transformer | Transforming 300 encounter records...
2026-06-22 20:31:07 | INFO     | src.transformers.clinical_transformer |   ✓ Transformed 300 encounter records
2026-06-22 20:31:07 | INFO     | src.transformers.clinical_transformer | ClinicalTransformer initialized | mode=DEMO
2026-06-22 20:31:07 | INFO     | src.transformers.clinical_transformer | Transforming 200 patient records...
2026-06-22 20:31:07 | INFO     | src.transformers.clinical_transformer |   ✓ Transformed 200 patient records
2026-06-22 20:31:07 | INFO     | src.transformers.clinical_transformer | ClinicalTransformer initialized | mode=DEMO
2026-06-22 20:31:07 | INFO     | src.transformers.clinical_transformer | Transforming 500 patient records...
2026-06-22 20:31:07 | INFO     | src.transformers.clinical_transformer |   ✓ Transformed 500 patient records
2026-06-22 20:31:07 | INFO     | src.transformers.clinical_transformer | ClinicalTransformer initialized | mode=DEMO
2026-06-22 20:31:07 | INFO     | src.transformers.clinical_transformer | Transforming 500 patient records...
2026-06-22 20:31:07 | INFO     | src.transformers.clinical_transformer |   ✓ Transformed 500 patient records
2026-06-22 20:31:07 | INFO     | src.transformers.clinical_transformer | ClinicalTransformer initialized | mode=DEMO
2026-06-22 20:31:07 | INFO     | src.transformers.clinical_transformer | Transforming 500 patient records...
2026-06-22 20:31:07 | INFO     | src.transformers.clinical_transformer |   ✓ Transformed 500 patient records
2026-06-22 20:31:07 | INFO     | src.transformers.clinical_transformer | ClinicalTransformer initialized | mode=DEMO
2026-06-22 20:31:07 | INFO     | src.transformers.clinical_transformer | Transforming 500 patient records...
2026-06-22 20:31:07 | INFO     | src.transformers.clinical_transformer |   ✓ Transformed 500 patient records
2026-06-22 20:31:07 | INFO     | src.transformers.clinical_transformer | ClinicalTransformer initialized | mode=DEMO
2026-06-22 20:31:07 | INFO     | src.transformers.clinical_transformer | Transforming 500 patient records...
2026-06-22 20:31:07 | INFO     | src.transformers.clinical_transformer |   ✓ Transformed 500 patient records
2026-06-22 20:31:07 | INFO     | src.transformers.clinical_transformer | ClinicalTransformer initialized | mode=DEMO
2026-06-22 20:31:07 | INFO     | src.transformers.clinical_transformer | Transforming 500 patient records...
2026-06-22 20:31:07 | INFO     | src.transformers.clinical_transformer |   ✓ Transformed 500 patient records
2026-06-22 20:31:07 | INFO     | src.transformers.clinical_transformer | ClinicalTransformer initialized | mode=DEMO
2026-06-22 20:31:07 | INFO     | src.transformers.clinical_transformer | Transforming 500 patient records...
2026-06-22 20:31:07 | INFO     | src.transformers.clinical_transformer |   ✓ Transformed 500 patient records
2026-06-22 20:31:07 | INFO     | src.transformers.clinical_transformer | ClinicalTransformer initialized | mode=DEMO
2026-06-22 20:31:07 | INFO     | src.transformers.clinical_transformer | Transforming 500 patient records...
2026-06-22 20:31:07 | INFO     | src.transformers.clinical_transformer |   ✓ Transformed 500 patient records
